<?xml version="1.0" encoding="UTF-8"?>
<testng-results ignored="0" total="1" passed="1" failed="0" skipped="0">
  <reporter-output>
  </reporter-output>
  <suite started-at="2021-09-23T18:01:32 BDT" name="Default suite" finished-at="2021-09-23T18:01:37 BDT" duration-ms="4976">
    <groups>
    </groups>
    <test started-at="2021-09-23T18:01:32 BDT" name="Default test" finished-at="2021-09-23T18:01:37 BDT" duration-ms="4976">
      <class name="testCase.VerifyLogin">
        <test-method is-config="true" signature="setDriver()[pri:0, instance:testCase.VerifyLogin@483f6d77]" started-at="2021-09-23T18:01:30 BDT" name="setDriver" finished-at="2021-09-23T18:01:32 BDT" duration-ms="2147" status="PASS">
          <reporter-output>
          </reporter-output>
        </test-method> <!-- setDriver -->
        <test-method signature="verifiedLogin()[pri:0, instance:testCase.VerifyLogin@483f6d77]" started-at="2021-09-23T18:01:32 BDT" name="verifiedLogin" finished-at="2021-09-23T18:01:37 BDT" duration-ms="4944" status="PASS">
          <reporter-output>
          </reporter-output>
        </test-method> <!-- verifiedLogin -->
        <test-method is-config="true" signature="close()[pri:0, instance:testCase.VerifyLogin@483f6d77]" started-at="2021-09-23T18:01:37 BDT" name="close" finished-at="2021-09-23T18:01:41 BDT" duration-ms="4486" status="PASS">
          <reporter-output>
          </reporter-output>
        </test-method> <!-- close -->
      </class> <!-- testCase.VerifyLogin -->
    </test> <!-- Default test -->
  </suite> <!-- Default suite -->
</testng-results>
